<?xml version="1.0" encoding="UTF-8"?>
<!-- Generated by org.testng.reporters.JUnitReportReporter -->
<testsuite hostname="qedge64" name="com.implicitwait.ImplicitWaitTest" tests="1" failures="0" timestamp="15 May 2015 12:00:26 GMT" time="723.009" errors="0">
  <testcase name="implicitTest" time="723.009" classname="com.implicitwait.ImplicitWaitTest"/>
</testsuite> <!-- com.implicitwait.ImplicitWaitTest -->
